<?xml version="1.0" encoding="UTF-8"?>
<testng-results ignored="0" total="4" passed="4" failed="0" skipped="0">
  <reporter-output>
  </reporter-output>
  <suite started-at="2024-03-28T14:01:32 IST" name="Suite" finished-at="2024-03-28T14:06:53 IST" duration-ms="321197">
    <groups>
      <group name="regression">
        <method signature="TC_001.firstPage()[pri:0, instance:testCases.TC_001@273444fe]" name="firstPage" class="testCases.TC_001"/>
        <method signature="TC_001.secondPage()[pri:1, instance:testCases.TC_001@273444fe]" name="secondPage" class="testCases.TC_001"/>
        <method signature="TC_001.firstPage()[pri:0, instance:testCases.TC_001@25be7b63]" name="firstPage" class="testCases.TC_001"/>
        <method signature="TC_001.secondPage()[pri:1, instance:testCases.TC_001@25be7b63]" name="secondPage" class="testCases.TC_001"/>
      </group> <!-- regression -->
    </groups>
    <test started-at="2024-03-28T14:01:32 IST" name="Test2" finished-at="2024-03-28T14:06:25 IST" duration-ms="292855">
      <class name="testCases.TC_001">
        <test-method is-config="true" signature="setup(java.lang.String,java.lang.String)[pri:0, instance:testCases.TC_001@25be7b63]" started-at="2024-03-28T14:01:32 IST" name="setup" finished-at="2024-03-28T14:01:50 IST" duration-ms="17554" status="PASS">
          <params>
            <param index="0">
              <value>
                <![CDATA[edge]]>
              </value>
            </param>
            <param index="1">
              <value>
                <![CDATA[https://be.cognizant.com/]]>
              </value>
            </param>
          </params>
          <reporter-output>
          </reporter-output>
        </test-method> <!-- setup -->
        <test-method signature="firstPage()[pri:0, instance:testCases.TC_001@25be7b63]" started-at="2024-03-28T14:01:50 IST" name="firstPage" finished-at="2024-03-28T14:02:16 IST" duration-ms="25808" status="PASS">
          <reporter-output>
          </reporter-output>
        </test-method> <!-- firstPage -->
        <test-method signature="secondPage()[pri:1, instance:testCases.TC_001@25be7b63]" started-at="2024-03-28T14:02:16 IST" name="secondPage" finished-at="2024-03-28T14:06:13 IST" duration-ms="237505" status="PASS">
          <reporter-output>
          </reporter-output>
        </test-method> <!-- secondPage -->
        <test-method is-config="true" signature="tearDown()[pri:0, instance:testCases.TC_001@25be7b63]" started-at="2024-03-28T14:06:14 IST" name="tearDown" finished-at="2024-03-28T14:06:25 IST" duration-ms="11320" status="PASS">
          <reporter-output>
          </reporter-output>
        </test-method> <!-- tearDown -->
      </class> <!-- testCases.TC_001 -->
    </test> <!-- Test2 -->
    <test started-at="2024-03-28T14:01:32 IST" name="Test1" finished-at="2024-03-28T14:06:53 IST" duration-ms="321197">
      <class name="testCases.TC_001">
        <test-method is-config="true" signature="setup(java.lang.String,java.lang.String)[pri:0, instance:testCases.TC_001@273444fe]" started-at="2024-03-28T14:01:33 IST" name="setup" finished-at="2024-03-28T14:01:53 IST" duration-ms="20280" status="PASS">
          <params>
            <param index="0">
              <value>
                <![CDATA[chrome]]>
              </value>
            </param>
            <param index="1">
              <value>
                <![CDATA[https://be.cognizant.com/]]>
              </value>
            </param>
          </params>
          <reporter-output>
          </reporter-output>
        </test-method> <!-- setup -->
        <test-method signature="firstPage()[pri:0, instance:testCases.TC_001@273444fe]" started-at="2024-03-28T14:01:53 IST" name="firstPage" finished-at="2024-03-28T14:02:26 IST" duration-ms="33003" status="PASS">
          <reporter-output>
          </reporter-output>
        </test-method> <!-- firstPage -->
        <test-method signature="secondPage()[pri:1, instance:testCases.TC_001@273444fe]" started-at="2024-03-28T14:02:26 IST" name="secondPage" finished-at="2024-03-28T14:06:42 IST" duration-ms="255875" status="PASS">
          <reporter-output>
          </reporter-output>
        </test-method> <!-- secondPage -->
        <test-method is-config="true" signature="tearDown()[pri:0, instance:testCases.TC_001@273444fe]" started-at="2024-03-28T14:06:42 IST" name="tearDown" finished-at="2024-03-28T14:06:53 IST" duration-ms="11179" status="PASS">
          <reporter-output>
          </reporter-output>
        </test-method> <!-- tearDown -->
      </class> <!-- testCases.TC_001 -->
    </test> <!-- Test1 -->
  </suite> <!-- Suite -->
</testng-results>
